# JRE version: OpenJDK Runtime Environment (8.0_91-b14) (build 1.8.0_91-8u91-b14-3ubuntu1~16.04.1-b14)
# Java VM: OpenJDK 64-Bit Server VM (25.91-b14 mixed mode linux-amd64 compressed oops)
Heap:
 PSYoungGen      total 99840K, used 3584K [0x00000000e1700000, 0x00000000e7c00000, 0x0000000100000000)
  eden space 96256K, 0% used [0x00000000e1700000,0x00000000e1700000,0x00000000e7500000)
  from space 3584K, 100% used [0x00000000e7500000,0x00000000e7880000,0x00000000e7880000)
  to   space 3584K, 0% used [0x00000000e7880000,0x00000000e7880000,0x00000000e7c00000)
 ParOldGen       total 62976K, used 14547K [0x00000000a4400000, 0x00000000a8180000, 0x00000000e1700000)
  object space 62976K, 23% used [0x00000000a4400000,0x00000000a5234e38,0x00000000a8180000)
 Metaspace       used 20747K, capacity 21228K, committed 21248K, reserved 1069056K
  class space    used 2403K, capacity 2552K, committed 2560K, reserved 1048576K
GC Heap History (9 events):
Event: 1.048 GC heap before
{Heap before GC invocations=1 (full 0):
 PSYoungGen      total 27648K, used 24064K [0x00000000e1700000, 0x00000000e3580000, 0x0000000100000000)
  eden space 24064K, 100% used [0x00000000e1700000,0x00000000e2e80000,0x00000000e2e80000)
  from space 3584K, 0% used [0x00000000e3200000,0x00000000e3200000,0x00000000e3580000)
  to   space 3584K, 0% used [0x00000000e2e80000,0x00000000e2e80000,0x00000000e3200000)
 ParOldGen       total 62976K, used 0K [0x00000000a4400000, 0x00000000a8180000, 0x00000000e1700000)
  object space 62976K, 0% used [0x00000000a4400000,0x00000000a4400000,0x00000000a8180000)
 Metaspace       used 7523K, capacity 7676K, committed 7936K, reserved 1056768K
  class space    used 909K, capacity 984K, committed 1024K, reserved 1048576K
Event: 1.075 GC heap after
Heap after GC invocations=1 (full 0):
 PSYoungGen      total 27648K, used 3580K [0x00000000e1700000, 0x00000000e4d00000, 0x0000000100000000)
  eden space 24064K, 0% used [0x00000000e1700000,0x00000000e1700000,0x00000000e2e80000)
  from space 3584K, 99% used [0x00000000e2e80000,0x00000000e31ff300,0x00000000e3200000)
  to   space 3584K, 0% used [0x00000000e4980000,0x00000000e4980000,0x00000000e4d00000)
 ParOldGen       total 62976K, used 754K [0x00000000a4400000, 0x00000000a8180000, 0x00000000e1700000)
  object space 62976K, 1% used [0x00000000a4400000,0x00000000a44bc810,0x00000000a8180000)
 Metaspace       used 7523K, capacity 7676K, committed 7936K, reserved 1056768K
  class space    used 909K, capacity 984K, committed 1024K, reserved 1048576K
}
Event: 1.532 GC heap before
{Heap before GC invocations=2 (full 0):
 PSYoungGen      total 27648K, used 27644K [0x00000000e1700000, 0x00000000e4d00000, 0x0000000100000000)
  eden space 24064K, 100% used [0x00000000e1700000,0x00000000e2e80000,0x00000000e2e80000)
  from space 3584K, 99% used [0x00000000e2e80000,0x00000000e31ff300,0x00000000e3200000)
  to   space 3584K, 0% used [0x00000000e4980000,0x00000000e4980000,0x00000000e4d00000)
 ParOldGen       total 62976K, used 754K [0x00000000a4400000, 0x00000000a8180000, 0x00000000e1700000)
  object space 62976K, 1% used [0x00000000a4400000,0x00000000a44bc810,0x00000000a8180000)
 Metaspace       used 9737K, capacity 9878K, committed 9984K, reserved 1058816K
  class space    used 1183K, capacity 1247K, committed 1280K, reserved 1048576K
Event: 1.542 GC heap after
Heap after GC invocations=2 (full 0):
 PSYoungGen      total 51712K, used 3568K [0x00000000e1700000, 0x00000000e4d00000, 0x0000000100000000)
  eden space 48128K, 0% used [0x00000000e1700000,0x00000000e1700000,0x00000000e4600000)
  from space 3584K, 99% used [0x00000000e4980000,0x00000000e4cfc210,0x00000000e4d00000)
  to   space 3584K, 0% used [0x00000000e4600000,0x00000000e4600000,0x00000000e4980000)
 ParOldGen       total 62976K, used 1885K [0x00000000a4400000, 0x00000000a8180000, 0x00000000e1700000)
  object space 62976K, 2% used [0x00000000a4400000,0x00000000a45d7578,0x00000000a8180000)
 Metaspace       used 9737K, capacity 9878K, committed 9984K, reserved 1058816K
  class space    used 1183K, capacity 1247K, committed 1280K, reserved 1048576K
}
Event: 2.897 GC heap before
{Heap before GC invocations=3 (full 0):
 PSYoungGen      total 51712K, used 51696K [0x00000000e1700000, 0x00000000e4d00000, 0x0000000100000000)
  eden space 48128K, 100% used [0x00000000e1700000,0x00000000e4600000,0x00000000e4600000)
  from space 3584K, 99% used [0x00000000e4980000,0x00000000e4cfc210,0x00000000e4d00000)
  to   space 3584K, 0% used [0x00000000e4600000,0x00000000e4600000,0x00000000e4980000)
 ParOldGen       total 62976K, used 1885K [0x00000000a4400000, 0x00000000a8180000, 0x00000000e1700000)
  object space 62976K, 2% used [0x00000000a4400000,0x00000000a45d7578,0x00000000a8180000)
 Metaspace       used 14254K, capacity 14468K, committed 14720K, reserved 1062912K
  class space    used 1725K, capacity 1806K, committed 1920K, reserved 1048576K
Event: 2.924 GC heap after
Heap after GC invocations=3 (full 0):
 PSYoungGen      total 51712K, used 3568K [0x00000000e1700000, 0x00000000e7c00000, 0x0000000100000000)
  eden space 48128K, 0% used [0x00000000e1700000,0x00000000e1700000,0x00000000e4600000)
  from space 3584K, 99% used [0x00000000e4600000,0x00000000e497c010,0x00000000e4980000)
  to   space 3584K, 0% used [0x00000000e7880000,0x00000000e7880000,0x00000000e7c00000)
 ParOldGen       total 62976K, used 5326K [0x00000000a4400000, 0x00000000a8180000, 0x00000000e1700000)
  object space 62976K, 8% used [0x00000000a4400000,0x00000000a4933ab8,0x00000000a8180000)
 Metaspace       used 14254K, capacity 14468K, committed 14720K, reserved 1062912K
  class space    used 1725K, capacity 1806K, committed 1920K, reserved 1048576K
}
Event: 15.332 GC heap before
{Heap before GC invocations=4 (full 0):
 PSYoungGen      total 51712K, used 51696K [0x00000000e1700000, 0x00000000e7c00000, 0x0000000100000000)
  eden space 48128K, 100% used [0x00000000e1700000,0x00000000e4600000,0x00000000e4600000)
  from space 3584K, 99% used [0x00000000e4600000,0x00000000e497c010,0x00000000e4980000)
  to   space 3584K, 0% used [0x00000000e7880000,0x00000000e7880000,0x00000000e7c00000)
 ParOldGen       total 62976K, used 5326K [0x00000000a4400000, 0x00000000a8180000, 0x00000000e1700000)
  object space 62976K, 8% used [0x00000000a4400000,0x00000000a4933ab8,0x00000000a8180000)
 Metaspace       used 16801K, capacity 17116K, committed 17280K, reserved 1064960K
  class space    used 1986K, capacity 2082K, committed 2176K, reserved 1048576K
Event: 15.446 GC heap after
Heap after GC invocations=4 (full 0):
 PSYoungGen      total 99840K, used 3584K [0x00000000e1700000, 0x00000000e7c00000, 0x0000000100000000)
  eden space 96256K, 0% used [0x00000000e1700000,0x00000000e1700000,0x00000000e7500000)
  from space 3584K, 100% used [0x00000000e7880000,0x00000000e7c00000,0x00000000e7c00000)
  to   space 3584K, 0% used [0x00000000e7500000,0x00000000e7500000,0x00000000e7880000)
 ParOldGen       total 62976K, used 9740K [0x00000000a4400000, 0x00000000a8180000, 0x00000000e1700000)
  object space 62976K, 15% used [0x00000000a4400000,0x00000000a4d830f8,0x00000000a8180000)
 Metaspace       used 16801K, capacity 17116K, committed 17280K, reserved 1064960K
  class space    used 1986K, capacity 2082K, committed 2176K, reserved 1048576K
}
Event: 32.326 GC heap before
{Heap before GC invocations=5 (full 0):
 PSYoungGen      total 99840K, used 55451K [0x00000000e1700000, 0x00000000e7c00000, 0x0000000100000000)
  eden space 96256K, 53% used [0x00000000e1700000,0x00000000e49a6e30,0x00000000e7500000)
  from space 3584K, 100% used [0x00000000e7880000,0x00000000e7c00000,0x00000000e7c00000)
  to   space 3584K, 0% used [0x00000000e7500000,0x00000000e7500000,0x00000000e7880000)
 ParOldGen       total 62976K, used 9740K [0x00000000a4400000, 0x00000000a8180000, 0x00000000e1700000)
  object space 62976K, 15% used [0x00000000a4400000,0x00000000a4d830f8,0x00000000a8180000)
 Metaspace       used 20747K, capacity 21228K, committed 21248K, reserved 1069056K
  class space    used 2403K, capacity 2552K, committed 2560K, reserved 1048576K

